C:\USERS\ADMINISTRATOR\DESKTOP\新建文件夹\C REVIEWED PROGRAM\C REVIEWED PROJECT\DEBUG\BUBBLE SORT.OBJ
C:\USERS\ADMINISTRATOR\DESKTOP\新建文件夹\C REVIEWED PROGRAM\C REVIEWED PROJECT\DEBUG\ENTRY MAIN.OBJ
C:\USERS\ADMINISTRATOR\DESKTOP\新建文件夹\C REVIEWED PROGRAM\C REVIEWED PROJECT\DEBUG\GCD AND LCM.OBJ
C:\USERS\ADMINISTRATOR\DESKTOP\新建文件夹\C REVIEWED PROGRAM\C REVIEWED PROJECT\DEBUG\LEFTSHIFT AND RIGHTSHIFT.OBJ
C:\USERS\ADMINISTRATOR\DESKTOP\新建文件夹\C REVIEWED PROGRAM\C REVIEWED PROJECT\DEBUG\PRIME NUMBER.OBJ
C:\USERS\ADMINISTRATOR\DESKTOP\新建文件夹\C REVIEWED PROGRAM\C REVIEWED PROJECT\DEBUG\SCANF OVERFLOW SCANF_S.OBJ
C:\USERS\ADMINISTRATOR\DESKTOP\新建文件夹\C REVIEWED PROGRAM\C REVIEWED PROJECT\DEBUG\STDIO FUNCTION.OBJ
C:\USERS\ADMINISTRATOR\DESKTOP\新建文件夹\C REVIEWED PROGRAM\C REVIEWED PROJECT\DEBUG\TEST ATOI.OBJ
C:\USERS\ADMINISTRATOR\DESKTOP\新建文件夹\C REVIEWED PROGRAM\C REVIEWED PROJECT\DEBUG\VC110.PDB
D:\HELLO-WORLD\C REVIEWED PROGRAM\C REVIEWED PROJECT\DEBUG\BUBBLE SORT.OBJ
D:\HELLO-WORLD\C REVIEWED PROGRAM\C REVIEWED PROJECT\DEBUG\ENTRY MAIN.OBJ
D:\HELLO-WORLD\C REVIEWED PROGRAM\C REVIEWED PROJECT\DEBUG\GCD AND LCM.OBJ
D:\HELLO-WORLD\C REVIEWED PROGRAM\C REVIEWED PROJECT\DEBUG\LEFTSHIFT AND RIGHTSHIFT.OBJ
D:\HELLO-WORLD\C REVIEWED PROGRAM\C REVIEWED PROJECT\DEBUG\PRIME NUMBER.OBJ
D:\HELLO-WORLD\C REVIEWED PROGRAM\C REVIEWED PROJECT\DEBUG\SCANF OVERFLOW SCANF_S.OBJ
D:\HELLO-WORLD\C REVIEWED PROGRAM\C REVIEWED PROJECT\DEBUG\STDIO FUNCTION.OBJ
D:\HELLO-WORLD\C REVIEWED PROGRAM\C REVIEWED PROJECT\DEBUG\TEST ATOI.OBJ
D:\HELLO-WORLD\C REVIEWED PROGRAM\C REVIEWED PROJECT\DEBUG\VC110.PDB
C:\USERS\ADMINISTRATOR\DESKTOP\新建文件夹\C REVIEWED PROGRAM\DEBUG\C REVIEWED PROJECT.ILK
C:\USERS\ADMINISTRATOR\DESKTOP\新建文件夹\C REVIEWED PROGRAM\DEBUG\C REVIEWED PROJECT.EXE
C:\USERS\ADMINISTRATOR\DESKTOP\新建文件夹\C REVIEWED PROGRAM\DEBUG\C REVIEWED PROJECT.PDB
D:\HELLO-WORLD\C REVIEWED PROGRAM\DEBUG\C REVIEWED PROJECT.ILK
D:\HELLO-WORLD\C REVIEWED PROGRAM\DEBUG\C REVIEWED PROJECT.EXE
D:\HELLO-WORLD\C REVIEWED PROGRAM\DEBUG\C REVIEWED PROJECT.PDB
D:\hello-world\C Reviewed Program\C Reviewed Project\Debug\add.obj
D:\hello-world\C Reviewed Program\C Reviewed Project\Debug\Bubble sort.obj
D:\hello-world\C Reviewed Program\C Reviewed Project\Debug\entry main.obj
D:\hello-world\C Reviewed Program\C Reviewed Project\Debug\GCD and LCM.obj
D:\hello-world\C Reviewed Program\C Reviewed Project\Debug\LeftShift and RightShift.obj
D:\hello-world\C Reviewed Program\C Reviewed Project\Debug\prime number.obj
D:\hello-world\C Reviewed Program\C Reviewed Project\Debug\scanf overflow scanf_s.obj
D:\hello-world\C Reviewed Program\C Reviewed Project\Debug\stdio function.obj
D:\hello-world\C Reviewed Program\C Reviewed Project\Debug\test atoi.obj
D:\hello-world\C Reviewed Program\C Reviewed Project\Debug\testc.obj
D:\hello-world\C Reviewed Program\C Reviewed Project\Debug\cl.command.1.tlog
D:\hello-world\C Reviewed Program\C Reviewed Project\Debug\CL.read.1.tlog
D:\hello-world\C Reviewed Program\C Reviewed Project\Debug\CL.write.1.tlog
D:\hello-world\C Reviewed Program\C Reviewed Project\Debug\link-cvtres.read.1.tlog
D:\hello-world\C Reviewed Program\C Reviewed Project\Debug\link-cvtres.write.1.tlog
D:\hello-world\C Reviewed Program\C Reviewed Project\Debug\link-rc.read.1.tlog
D:\hello-world\C Reviewed Program\C Reviewed Project\Debug\link-rc.write.1.tlog
D:\hello-world\C Reviewed Program\C Reviewed Project\Debug\link.7080-cvtres.read.1.tlog
D:\hello-world\C Reviewed Program\C Reviewed Project\Debug\link.7080-cvtres.write.1.tlog
D:\hello-world\C Reviewed Program\C Reviewed Project\Debug\link.7080-rc.read.1.tlog
D:\hello-world\C Reviewed Program\C Reviewed Project\Debug\link.7080-rc.write.1.tlog
D:\hello-world\C Reviewed Program\C Reviewed Project\Debug\link.7080.read.1.tlog
D:\hello-world\C Reviewed Program\C Reviewed Project\Debug\link.7080.write.1.tlog
D:\hello-world\C Reviewed Program\C Reviewed Project\Debug\link.command.1.tlog
D:\hello-world\C Reviewed Program\C Reviewed Project\Debug\link.read.1.tlog
D:\hello-world\C Reviewed Program\C Reviewed Project\Debug\link.write.1.tlog
D:\hello-world\C Reviewed Program\C Reviewed Project\Debug\vc110.idb
D:\hello-world\C Reviewed Program\C Reviewed Project\Debug\vc110.pdb
D:\hello-world\C Reviewed Program\Debug\C Reviewed Project.pdb
D:\hello-world\C Reviewed Program\Debug\C Reviewed Project.exe
D:\hello-world\C Reviewed Program\Debug\C Reviewed Project.ilk
