生成启动时间为 2016/12/12 星期一 16:53:31。
     1>项目“D:\hello-world\C Reviewed Program\StudInfoManaSys_0.1\StudInfoManaSys_0.1.vcxproj”在节点 2 上(Build 个目标)。
     1>ClCompile:
         D:\VS2012\VC\bin\CL.exe /c /ZI /nologo /W3 /WX- /Od /Oy- /D _MBCS /Gm /EHsc /RTC1 /MDd /GS /fp:precise /Zc:wchar_t /Zc:forScope /Fo"Debug\\" /Fd"Debug\vc110.pdb" /Gd /TP /analyze- /errorReport:prompt DataManage.cpp FileSystem.cpp main.cpp
         main.cpp
         FileSystem.cpp
     1>d:\hello-world\c reviewed program\studinfomanasys_0.1\filesystem.cpp(6): warning C4996: 'fopen': This function or variable may be unsafe. Consider using fopen_s instead. To disable deprecation, use _CRT_SECURE_NO_WARNINGS. See online help for details.
                 d:\vs2012\vc\include\stdio.h(218) : 参见“fopen”的声明
     1>d:\hello-world\c reviewed program\studinfomanasys_0.1\filesystem.cpp(47): warning C4996: 'fopen': This function or variable may be unsafe. Consider using fopen_s instead. To disable deprecation, use _CRT_SECURE_NO_WARNINGS. See online help for details.
                 d:\vs2012\vc\include\stdio.h(218) : 参见“fopen”的声明
         DataManage.cpp
         正在生成代码...
       Link:
         D:\VS2012\VC\bin\link.exe /ERRORREPORT:PROMPT /OUT:"D:\hello-world\C Reviewed Program\Debug\StudInfoManaSys_0.1.exe" /INCREMENTAL /NOLOGO kernel32.lib user32.lib gdi32.lib winspool.lib comdlg32.lib advapi32.lib shell32.lib ole32.lib oleaut32.lib uuid.lib odbc32.lib odbccp32.lib /MANIFEST /MANIFESTUAC:"level='asInvoker' uiAccess='false'" /manifest:embed /DEBUG /PDB:"D:\hello-world\C Reviewed Program\Debug\StudInfoManaSys_0.1.pdb" /TLBID:1 /DYNAMICBASE /NXCOMPAT /IMPLIB:"D:\hello-world\C Reviewed Program\Debug\StudInfoManaSys_0.1.lib" /MACHINE:X86 Debug\DataManage.obj
         Debug\FileSystem.obj
         Debug\main.obj
         StudInfoManaSys_0.1.vcxproj -> D:\hello-world\C Reviewed Program\Debug\StudInfoManaSys_0.1.exe
     1>已完成生成项目“D:\hello-world\C Reviewed Program\StudInfoManaSys_0.1\StudInfoManaSys_0.1.vcxproj”(Build 个目标)的操作。

生成成功。

已用时间 00:00:00.31
